build/app/intermediates/manifest_merge_blame_file/fdroidRelease/manifest-merger-blame-fdroid-release-report.txt
1<?xml version="1.0" encoding="utf-8"?>
2<manifest xmlns:android="http://schemas.android.com/apk/res/android"
3    package="com.simplytranslate"
4    android:versionCode="1"
5    android:versionName="1.0.0" >
6
7    <uses-sdk
8        android:minSdkVersion="16"
8-->src/main/AndroidManifest.xml
9        android:targetSdkVersion="30" />
9-->src/main/AndroidManifest.xml
10
11    <uses-permission android:name="android.permission.INTERNET" />
11-->src/main/AndroidManifest.xml:24:3-65
11-->src/main/AndroidManifest.xml:24:20-62
12
13    <application
13-->src/main/AndroidManifest.xml:2:3-23:17
14        android:appComponentFactory="androidx.core.app.CoreComponentFactory"
14-->[androidx.core:core:1.1.0] AndroidManifest.xml:24:18-86
15        android:icon="@mipmap/ic_launcher"
15-->src/main/AndroidManifest.xml:2:49-83
16        android:label="Simply Translate" >
16-->src/main/AndroidManifest.xml:2:16-48
17        <activity
17-->src/main/AndroidManifest.xml:3:5-19:16
18            android:name="com.example.simplytranslate.MainActivity"
18-->src/main/AndroidManifest.xml:3:15-43
19            android:configChanges="orientation|keyboardHidden|keyboard|screenSize|smallestScreenSize|locale|layoutDirection|fontScale|screenLayout|density|uiMode"
19-->src/main/AndroidManifest.xml:3:110-260
20            android:hardwareAccelerated="true"
20-->src/main/AndroidManifest.xml:3:261-295
21            android:launchMode="singleTop"
21-->src/main/AndroidManifest.xml:3:44-74
22            android:theme="@style/LaunchTheme"
22-->src/main/AndroidManifest.xml:3:75-109
23            android:windowSoftInputMode="adjustResize" >
23-->src/main/AndroidManifest.xml:3:296-338
24
25            <!--
26           Specifies an Android theme to apply to this Activity as soon as
27                 the Android process has started. This theme is visible to the user
28                 while the Flutter UI initializes. After that, this theme continues
29                 to determine the Window background behind the Flutter UI.
30            -->
31            <meta-data
31-->src/main/AndroidManifest.xml:8:7-114
32                android:name="io.flutter.embedding.android.NormalTheme"
32-->src/main/AndroidManifest.xml:8:18-73
33                android:resource="@style/NormalTheme" />
33-->src/main/AndroidManifest.xml:8:74-111
34            <!--
35           Displays an Android View that continues showing the launch screen
36                 Drawable until Flutter paints its first frame, then this splash
37                 screen fades out. A splash screen is useful to avoid any visual
38                 gap between the end of Android's launch screen and the painting of
39                 Flutter's first frame.
40            -->
41            <meta-data
41-->src/main/AndroidManifest.xml:14:7-132
42                android:name="io.flutter.embedding.android.SplashScreenDrawable"
42-->src/main/AndroidManifest.xml:14:18-82
43                android:resource="@drawable/launch_background" />
43-->src/main/AndroidManifest.xml:14:83-129
44
45            <intent-filter>
45-->src/main/AndroidManifest.xml:15:7-18:23
46                <action android:name="android.intent.action.MAIN" />
46-->src/main/AndroidManifest.xml:16:9-61
46-->src/main/AndroidManifest.xml:16:17-58
47
48                <category android:name="android.intent.category.LAUNCHER" />
48-->src/main/AndroidManifest.xml:17:9-69
48-->src/main/AndroidManifest.xml:17:19-66
49            </intent-filter>
50        </activity>
51        <!--
52         Don't delete the meta-data below.
53             This is used by the Flutter tool to generate GeneratedPluginRegistrant.java
54        -->
55        <meta-data
55-->src/main/AndroidManifest.xml:22:5-68
56            android:name="flutterEmbedding"
56-->src/main/AndroidManifest.xml:22:16-47
57            android:value="2" />
57-->src/main/AndroidManifest.xml:22:48-65
58    </application>
59
60</manifest>